c:\users\mitch\desktop\assignmen 2\assignment 2\debug\vc141.pdb
c:\users\mitch\desktop\assignmen 2\assignment 2\debug\vc141.idb
c:\users\mitch\desktop\assignmen 2\assignment 2\debug\wrapper_glfw.obj
c:\users\mitch\desktop\assignmen 2\assignment 2\debug\tiny_obj_loader.obj
c:\users\mitch\desktop\assignmen 2\assignment 2\debug\tiny_loader_texture.obj
c:\users\mitch\desktop\assignmen 2\assignment 2\debug\terrainobj.obj
c:\users\mitch\desktop\assignmen 2\assignment 2\debug\skybox.obj
c:\users\mitch\desktop\assignmen 2\assignment 2\debug\particlesys.obj
c:\users\mitch\desktop\assignmen 2\assignment 2\debug\main.obj
c:\users\mitch\desktop\assignmen 2\assignment 2\debug\boxlid.obj
c:\users\mitch\desktop\assignmen 2\assignment 2\debug\box.obj
c:\users\mitch\desktop\clear the sky\clear the sky\debug\vc141.pdb
c:\users\mitch\desktop\clear the sky\clear the sky\debug\vc141.idb
c:\users\mitch\desktop\clear the sky\clear the sky\debug\wrapper_glfw.obj
c:\users\mitch\desktop\clear the sky\clear the sky\debug\tiny_obj_loader.obj
c:\users\mitch\desktop\clear the sky\clear the sky\debug\tiny_loader_texture.obj
c:\users\mitch\desktop\clear the sky\clear the sky\debug\terrainobj.obj
c:\users\mitch\desktop\clear the sky\clear the sky\debug\skybox.obj
c:\users\mitch\desktop\clear the sky\clear the sky\debug\particlesys.obj
c:\users\mitch\desktop\clear the sky\clear the sky\debug\main.obj
c:\users\mitch\desktop\clear the sky\clear the sky\debug\boxlid.obj
c:\users\mitch\desktop\clear the sky\clear the sky\debug\box.obj
c:\users\mitch\desktop\assignmen 2\assignment 2\debug\clear the sky.exe
c:\users\mitch\desktop\assignmen 2\assignment 2\debug\clear the sky.pdb
c:\users\mitch\desktop\clear the sky\clear the sky\debug\clear the sky.exe
c:\users\mitch\desktop\clear the sky\clear the sky\debug\clear the sky.pdb
c:\users\mitch\desktop\clear the sky\clear the sky\debug\clear the sky.tlog\cl.command.1.tlog
c:\users\mitch\desktop\clear the sky\clear the sky\debug\clear the sky.tlog\cl.read.1.tlog
c:\users\mitch\desktop\clear the sky\clear the sky\debug\clear the sky.tlog\cl.write.1.tlog
c:\users\mitch\desktop\clear the sky\clear the sky\debug\clear the sky.tlog\link.command.1.tlog
c:\users\mitch\desktop\clear the sky\clear the sky\debug\clear the sky.tlog\link.read.1.tlog
c:\users\mitch\desktop\clear the sky\clear the sky\debug\clear the sky.tlog\link.write.1.tlog
