c:\users\mitch\desktop\assignmen 2\assignment 2\debug\vc141.pdb
c:\users\mitch\desktop\assignmen 2\assignment 2\debug\vc141.idb
c:\users\mitch\desktop\assignmen 2\assignment 2\debug\wrapper_glfw.obj
c:\users\mitch\desktop\assignmen 2\assignment 2\debug\tol.obj
c:\users\mitch\desktop\assignmen 2\assignment 2\debug\tiny_obj_loader.obj
c:\users\mitch\desktop\assignmen 2\assignment 2\debug\terrainobj.obj
c:\users\mitch\desktop\assignmen 2\assignment 2\debug\sphere.obj
c:\users\mitch\desktop\assignmen 2\assignment 2\debug\skybox.obj
c:\users\mitch\desktop\assignmen 2\assignment 2\debug\particlesys.obj
c:\users\mitch\desktop\assignmen 2\assignment 2\debug\main.obj
c:\users\mitch\desktop\assignmen 2\assignment 2\debug\boxlid.obj
c:\users\mitch\desktop\assignmen 2\assignment 2\debug\box.obj
c:\users\mitch\desktop\assignmen 2\assignment 2\debug\tiny_loader_texture.obj
c:\users\mitch\desktop\assignmen 2\assignment 2\debug\honsgame.exe
c:\users\mitch\desktop\assignmen 2\assignment 2\debug\honsgame.pdb
c:\users\mitch\desktop\assignmen 2\assignment 2\debug\assignment 1.pdb
c:\users\mitch\desktop\assignmen 2\assignment 2\debug\assignment 2.pdb
c:\users\mitch\desktop\assignmen 2\assignment 2\debug\honsgame.tlog\cl.command.1.tlog
c:\users\mitch\desktop\assignmen 2\assignment 2\debug\honsgame.tlog\cl.read.1.tlog
c:\users\mitch\desktop\assignmen 2\assignment 2\debug\honsgame.tlog\cl.write.1.tlog
c:\users\mitch\desktop\assignmen 2\assignment 2\debug\honsgame.tlog\link.command.1.tlog
c:\users\mitch\desktop\assignmen 2\assignment 2\debug\honsgame.tlog\link.read.1.tlog
c:\users\mitch\desktop\assignmen 2\assignment 2\debug\honsgame.tlog\link.write.1.tlog
